

Started GET "/" for 127.0.0.1 at 2016-08-03 16:59:13 +0530
Processing by Rails::WelcomeController#index as HTML
  Rendered /home/sunil/.rvm/gems/ruby-2.1.4@global/gems/railties-4.2.5/lib/rails/templates/rails/welcome/index.html.erb (1.8ms)
Completed 200 OK in 107ms (Views: 51.8ms | ActiveRecord: 0.0ms)


Started GET "/rss_urls" for 127.0.0.1 at 2016-08-03 17:00:16 +0530

ActiveRecord::PendingMigrationError (

Migrations are pending. To resolve this issue, run:

	bin/rake db:migrate RAILS_ENV=development

):
  activerecord (4.2.5) lib/active_record/migration.rb:392:in `check_pending!'
  activerecord (4.2.5) lib/active_record/migration.rb:373:in `call'
  actionpack (4.2.5) lib/action_dispatch/middleware/callbacks.rb:29:in `block in call'
  activesupport (4.2.5) lib/active_support/callbacks.rb:88:in `__run_callbacks__'
  activesupport (4.2.5) lib/active_support/callbacks.rb:778:in `_run_call_callbacks'
  activesupport (4.2.5) lib/active_support/callbacks.rb:81:in `run_callbacks'
  actionpack (4.2.5) lib/action_dispatch/middleware/callbacks.rb:27:in `call'
  actionpack (4.2.5) lib/action_dispatch/middleware/reloader.rb:73:in `call'
  actionpack (4.2.5) lib/action_dispatch/middleware/remote_ip.rb:78:in `call'
  actionpack (4.2.5) lib/action_dispatch/middleware/debug_exceptions.rb:17:in `call'
  web-console (2.3.0) lib/web_console/middleware.rb:28:in `block in call'
  web-console (2.3.0) lib/web_console/middleware.rb:18:in `catch'
  web-console (2.3.0) lib/web_console/middleware.rb:18:in `call'
  actionpack (4.2.5) lib/action_dispatch/middleware/show_exceptions.rb:30:in `call'
  railties (4.2.5) lib/rails/rack/logger.rb:38:in `call_app'
  railties (4.2.5) lib/rails/rack/logger.rb:20:in `block in call'
  activesupport (4.2.5) lib/active_support/tagged_logging.rb:68:in `block in tagged'
  activesupport (4.2.5) lib/active_support/tagged_logging.rb:26:in `tagged'
  activesupport (4.2.5) lib/active_support/tagged_logging.rb:68:in `tagged'
  railties (4.2.5) lib/rails/rack/logger.rb:20:in `call'
  actionpack (4.2.5) lib/action_dispatch/middleware/request_id.rb:21:in `call'
  rack (1.6.4) lib/rack/methodoverride.rb:22:in `call'
  rack (1.6.4) lib/rack/runtime.rb:18:in `call'
  activesupport (4.2.5) lib/active_support/cache/strategy/local_cache_middleware.rb:28:in `call'
  rack (1.6.4) lib/rack/lock.rb:17:in `call'
  actionpack (4.2.5) lib/action_dispatch/middleware/static.rb:116:in `call'
  rack (1.6.4) lib/rack/sendfile.rb:113:in `call'
  railties (4.2.5) lib/rails/engine.rb:518:in `call'
  railties (4.2.5) lib/rails/application.rb:165:in `call'
  rack (1.6.4) lib/rack/lock.rb:17:in `call'
  rack (1.6.4) lib/rack/content_length.rb:15:in `call'
  rack (1.6.4) lib/rack/handler/webrick.rb:88:in `service'
  /home/sunil/.rvm/rubies/ruby-2.1.4/lib/ruby/2.1.0/webrick/httpserver.rb:138:in `service'
  /home/sunil/.rvm/rubies/ruby-2.1.4/lib/ruby/2.1.0/webrick/httpserver.rb:94:in `run'
  /home/sunil/.rvm/rubies/ruby-2.1.4/lib/ruby/2.1.0/webrick/server.rb:295:in `block in start_thread'


  Rendered /home/sunil/.rvm/gems/ruby-2.1.4@global/gems/actionpack-4.2.5/lib/action_dispatch/middleware/templates/rescues/_source.erb (3.5ms)
  Rendered /home/sunil/.rvm/gems/ruby-2.1.4@global/gems/actionpack-4.2.5/lib/action_dispatch/middleware/templates/rescues/_trace.html.erb (2.1ms)
  Rendered /home/sunil/.rvm/gems/ruby-2.1.4@global/gems/actionpack-4.2.5/lib/action_dispatch/middleware/templates/rescues/_request_and_response.html.erb (0.9ms)
  Rendered /home/sunil/.rvm/gems/ruby-2.1.4@global/gems/actionpack-4.2.5/lib/action_dispatch/middleware/templates/rescues/diagnostics.html.erb within rescues/layout (24.6ms)
  Rendered /home/sunil/.rvm/gems/ruby-2.1.4/gems/web-console-2.3.0/lib/web_console/templates/_markup.html.erb (0.4ms)
  Rendered /home/sunil/.rvm/gems/ruby-2.1.4/gems/web-console-2.3.0/lib/web_console/templates/_inner_console_markup.html.erb within layouts/inlined_string (0.4ms)
  Rendered /home/sunil/.rvm/gems/ruby-2.1.4/gems/web-console-2.3.0/lib/web_console/templates/_prompt_box_markup.html.erb within layouts/inlined_string (0.4ms)
  Rendered /home/sunil/.rvm/gems/ruby-2.1.4/gems/web-console-2.3.0/lib/web_console/templates/style.css.erb within layouts/inlined_string (0.3ms)
  Rendered /home/sunil/.rvm/gems/ruby-2.1.4/gems/web-console-2.3.0/lib/web_console/templates/console.js.erb within layouts/javascript (79.7ms)
  Rendered /home/sunil/.rvm/gems/ruby-2.1.4/gems/web-console-2.3.0/lib/web_console/templates/main.js.erb within layouts/javascript (0.4ms)
  Rendered /home/sunil/.rvm/gems/ruby-2.1.4/gems/web-console-2.3.0/lib/web_console/templates/error_page.js.erb within layouts/javascript (0.4ms)
  Rendered /home/sunil/.rvm/gems/ruby-2.1.4/gems/web-console-2.3.0/lib/web_console/templates/index.html.erb (107.2ms)
  [1m[36m (147.0ms)[0m  [1mCREATE TABLE "schema_migrations" ("version" varchar NOT NULL) [0m
  [1m[35m (0.1ms)[0m  select sqlite_version(*)
  [1m[36m (133.0ms)[0m  [1mCREATE UNIQUE INDEX "unique_schema_migrations" ON "schema_migrations" ("version")[0m
  [1m[35mActiveRecord::SchemaMigration Load (0.2ms)[0m  SELECT "schema_migrations".* FROM "schema_migrations"
Migrating to CreateRssUrls (20160803113005)
  [1m[36m (0.2ms)[0m  [1mbegin transaction[0m
  [1m[35m (0.8ms)[0m  CREATE TABLE "rss_urls" ("id" INTEGER PRIMARY KEY AUTOINCREMENT NOT NULL, "url" varchar, "created_at" datetime NOT NULL, "updated_at" datetime NOT NULL) 
  [1m[36mSQL (0.2ms)[0m  [1mINSERT INTO "schema_migrations" ("version") VALUES (?)[0m  [["version", "20160803113005"]]
  [1m[35m (153.2ms)[0m  commit transaction
  [1m[36mActiveRecord::SchemaMigration Load (0.3ms)[0m  [1mSELECT "schema_migrations".* FROM "schema_migrations"[0m


Started GET "/rss_urls" for 127.0.0.1 at 2016-08-03 17:00:30 +0530
  [1m[36mActiveRecord::SchemaMigration Load (0.1ms)[0m  [1mSELECT "schema_migrations".* FROM "schema_migrations"[0m
Processing by RssUrlsController#index as HTML
  [1m[35mRssUrl Load (0.2ms)[0m  SELECT "rss_urls".* FROM "rss_urls"
  Rendered rss_urls/index.html.erb within layouts/application (2.5ms)
Completed 200 OK in 814ms (Views: 812.1ms | ActiveRecord: 0.3ms)


Started GET "/assets/scaffolds.self-e38d561d15a0d9d31600ec7dd5d62b7dc8017344df3a1acc92cef5d76267725d.css?body=1" for 127.0.0.1 at 2016-08-03 17:00:31 +0530


Started GET "/assets/rss_urls.self-e3b0c44298fc1c149afbf4c8996fb92427ae41e4649b934ca495991b7852b855.css?body=1" for 127.0.0.1 at 2016-08-03 17:00:31 +0530


Started GET "/assets/application.self-e80e8f2318043e8af94dddc2adad5a4f09739a8ebb323b3ab31cd71d45fd9113.css?body=1" for 127.0.0.1 at 2016-08-03 17:00:31 +0530


Started GET "/assets/jquery.self-660adc51e0224b731d29f575a6f1ec167ba08ad06ed5deca4f1e8654c135bf4c.js?body=1" for 127.0.0.1 at 2016-08-03 17:00:31 +0530


Started GET "/assets/jquery_ujs.self-e87806d0cf4489aeb1bb7288016024e8de67fd18db693fe026fe3907581e53cd.js?body=1" for 127.0.0.1 at 2016-08-03 17:00:31 +0530


Started GET "/assets/rss_urls.self-877aef30ae1b040ab8a3aba4e3e309a11d7f2612f44dde450b5c157aa5f95c05.js?body=1" for 127.0.0.1 at 2016-08-03 17:00:31 +0530


Started GET "/assets/turbolinks.self-c5acd7a204f5f25ce7a1d8a0e4d92e28d34c9e2df2c7371cd7af88e147e4ad82.js?body=1" for 127.0.0.1 at 2016-08-03 17:00:31 +0530


Started GET "/assets/application.self-3b8dabdc891efe46b9a144b400ad69e37d7e5876bdc39dee783419a69d7ca819.js?body=1" for 127.0.0.1 at 2016-08-03 17:00:31 +0530


Started GET "/rss_urls/new" for 127.0.0.1 at 2016-08-03 19:59:07 +0530
Processing by RssUrlsController#new as HTML
  Rendered rss_urls/_form.html.erb (40.7ms)
  Rendered rss_urls/new.html.erb within layouts/application (42.3ms)
Completed 200 OK in 57ms (Views: 52.8ms | ActiveRecord: 0.3ms)


Started POST "/rss_urls" for 127.0.0.1 at 2016-08-03 19:59:09 +0530
Processing by RssUrlsController#create as HTML
  Parameters: {"utf8"=>"✓", "authenticity_token"=>"gmEZFwgCFJPiJ4AJ7pWBst9oRZ4RVBOs5DeG3vWWNuwriNzNLbAOBabza6Tnap0HQr6g3uRUN/XQmGTd3mtnpA==", "rss_url"=>{"url"=>"http://timesofindia.indiatimes.com/rssfeedstopstories.cms"}, "commit"=>"Create Rss url"}
  [1m[36m (0.1ms)[0m  [1mbegin transaction[0m
  [1m[35mSQL (0.3ms)[0m  INSERT INTO "rss_urls" ("url", "created_at", "updated_at") VALUES (?, ?, ?)  [["url", "http://timesofindia.indiatimes.com/rssfeedstopstories.cms"], ["created_at", "2016-08-03 14:29:09.033158"], ["updated_at", "2016-08-03 14:29:09.033158"]]
  [1m[36m (285.2ms)[0m  [1mcommit transaction[0m
Redirected to http://localhost:3000/rss_urls/1
Completed 302 Found in 290ms (ActiveRecord: 285.6ms)


Started GET "/rss_urls/1" for 127.0.0.1 at 2016-08-03 19:59:09 +0530
Processing by RssUrlsController#show as HTML
  Parameters: {"id"=>"1"}
  [1m[35mRssUrl Load (0.2ms)[0m  SELECT  "rss_urls".* FROM "rss_urls" WHERE "rss_urls"."id" = ? LIMIT 1  [["id", 1]]
  Rendered rss_urls/show.html.erb within layouts/application (1.1ms)
Completed 200 OK in 40ms (Views: 11.0ms | ActiveRecord: 0.2ms)


Started GET "/rss_urls" for 127.0.0.1 at 2016-08-03 19:59:13 +0530
Processing by RssUrlsController#index as HTML
  [1m[36mRssUrl Load (0.1ms)[0m  [1mSELECT "rss_urls".* FROM "rss_urls"[0m
  Rendered rss_urls/index.html.erb within layouts/application (1.2ms)
Completed 200 OK in 17ms (Views: 15.8ms | ActiveRecord: 0.1ms)


Started GET "/rss_urls/new" for 127.0.0.1 at 2016-08-03 20:01:43 +0530
Processing by RssUrlsController#new as HTML
Completed 500 Internal Server Error in 3ms (ActiveRecord: 0.0ms)

ArgumentError (Unknown validator: 'UrlValidator'):
  app/models/rss_url.rb:2:in `<class:RssUrl>'
  app/models/rss_url.rb:1:in `<top (required)>'
  app/controllers/rss_urls_controller.rb:17:in `new'


  Rendered /home/sunil/.rvm/gems/ruby-2.1.4@global/gems/actionpack-4.2.5/lib/action_dispatch/middleware/templates/rescues/_source.erb (3.9ms)
  Rendered /home/sunil/.rvm/gems/ruby-2.1.4@global/gems/actionpack-4.2.5/lib/action_dispatch/middleware/templates/rescues/_trace.html.erb (2.1ms)
  Rendered /home/sunil/.rvm/gems/ruby-2.1.4@global/gems/actionpack-4.2.5/lib/action_dispatch/middleware/templates/rescues/_request_and_response.html.erb (1.1ms)
  Rendered /home/sunil/.rvm/gems/ruby-2.1.4@global/gems/actionpack-4.2.5/lib/action_dispatch/middleware/templates/rescues/diagnostics.html.erb within rescues/layout (19.6ms)
  Rendered /home/sunil/.rvm/gems/ruby-2.1.4/gems/web-console-2.3.0/lib/web_console/templates/_markup.html.erb (0.3ms)
  Rendered /home/sunil/.rvm/gems/ruby-2.1.4/gems/web-console-2.3.0/lib/web_console/templates/_inner_console_markup.html.erb within layouts/inlined_string (0.3ms)
  Rendered /home/sunil/.rvm/gems/ruby-2.1.4/gems/web-console-2.3.0/lib/web_console/templates/_prompt_box_markup.html.erb within layouts/inlined_string (0.3ms)
  Rendered /home/sunil/.rvm/gems/ruby-2.1.4/gems/web-console-2.3.0/lib/web_console/templates/style.css.erb within layouts/inlined_string (0.3ms)
  Rendered /home/sunil/.rvm/gems/ruby-2.1.4/gems/web-console-2.3.0/lib/web_console/templates/console.js.erb within layouts/javascript (50.1ms)
  Rendered /home/sunil/.rvm/gems/ruby-2.1.4/gems/web-console-2.3.0/lib/web_console/templates/main.js.erb within layouts/javascript (0.2ms)
  Rendered /home/sunil/.rvm/gems/ruby-2.1.4/gems/web-console-2.3.0/lib/web_console/templates/error_page.js.erb within layouts/javascript (0.3ms)
  Rendered /home/sunil/.rvm/gems/ruby-2.1.4/gems/web-console-2.3.0/lib/web_console/templates/index.html.erb (62.1ms)


Started GET "/rss_urls/new" for 127.0.0.1 at 2016-08-03 20:01:55 +0530
  [1m[36mActiveRecord::SchemaMigration Load (0.1ms)[0m  [1mSELECT "schema_migrations".* FROM "schema_migrations"[0m
Processing by RssUrlsController#new as HTML
  Rendered rss_urls/_form.html.erb (13.2ms)
  Rendered rss_urls/new.html.erb within layouts/application (17.4ms)
Completed 200 OK in 317ms (Views: 303.6ms | ActiveRecord: 0.3ms)


Started GET "/assets/rss_urls.self-e3b0c44298fc1c149afbf4c8996fb92427ae41e4649b934ca495991b7852b855.css?body=1" for 127.0.0.1 at 2016-08-03 20:01:56 +0530


Started GET "/assets/application.self-e80e8f2318043e8af94dddc2adad5a4f09739a8ebb323b3ab31cd71d45fd9113.css?body=1" for 127.0.0.1 at 2016-08-03 20:01:56 +0530


Started GET "/assets/scaffolds.self-e38d561d15a0d9d31600ec7dd5d62b7dc8017344df3a1acc92cef5d76267725d.css?body=1" for 127.0.0.1 at 2016-08-03 20:01:56 +0530


Started GET "/assets/rss_urls.self-877aef30ae1b040ab8a3aba4e3e309a11d7f2612f44dde450b5c157aa5f95c05.js?body=1" for 127.0.0.1 at 2016-08-03 20:01:56 +0530


Started GET "/assets/application.self-3b8dabdc891efe46b9a144b400ad69e37d7e5876bdc39dee783419a69d7ca819.js?body=1" for 127.0.0.1 at 2016-08-03 20:01:56 +0530


Started GET "/assets/jquery.self-660adc51e0224b731d29f575a6f1ec167ba08ad06ed5deca4f1e8654c135bf4c.js?body=1" for 127.0.0.1 at 2016-08-03 20:01:56 +0530


Started GET "/assets/jquery_ujs.self-e87806d0cf4489aeb1bb7288016024e8de67fd18db693fe026fe3907581e53cd.js?body=1" for 127.0.0.1 at 2016-08-03 20:01:56 +0530


Started GET "/assets/turbolinks.self-c5acd7a204f5f25ce7a1d8a0e4d92e28d34c9e2df2c7371cd7af88e147e4ad82.js?body=1" for 127.0.0.1 at 2016-08-03 20:01:56 +0530


Started POST "/rss_urls" for 127.0.0.1 at 2016-08-03 20:01:58 +0530
Processing by RssUrlsController#create as HTML
  Parameters: {"utf8"=>"✓", "authenticity_token"=>"bzZ0NGmJXd+tX76B5OuPDCBA6aikBP7aHQLw9IPlDezG37HuTDtHSemLVSztFJO5vZYM6FEE2oMprRL3qBhcpA==", "rss_url"=>{"url"=>""}, "commit"=>"Create Rss url"}
  [1m[35m (0.2ms)[0m  begin transaction
  [1m[36m (0.1ms)[0m  [1mrollback transaction[0m
  Rendered rss_urls/_form.html.erb (1.5ms)
  Rendered rss_urls/new.html.erb within layouts/application (2.0ms)
Completed 200 OK in 19ms (Views: 14.5ms | ActiveRecord: 0.3ms)


Started POST "/rss_urls" for 127.0.0.1 at 2016-08-03 20:03:16 +0530
Processing by RssUrlsController#create as HTML
  Parameters: {"utf8"=>"✓", "authenticity_token"=>"A9ALcUwhBoZQ6SFVWqS24Rv1sl2pDq7PRT51By9zwEGqOc6raZMcEBQ9yvhTW6pUhiNXHVwOipZxkZcEBI6RCQ==", "rss_url"=>{"url"=>"http://www.feedforall.com/sample-feeds.htm"}, "commit"=>"Create Rss url"}
  [1m[35m (0.1ms)[0m  begin transaction
  [1m[36mSQL (0.3ms)[0m  [1mINSERT INTO "rss_urls" ("url", "created_at", "updated_at") VALUES (?, ?, ?)[0m  [["url", "http://www.feedforall.com/sample-feeds.htm"], ["created_at", "2016-08-03 14:33:17.044601"], ["updated_at", "2016-08-03 14:33:17.044601"]]
  [1m[35m (214.2ms)[0m  commit transaction
Redirected to http://localhost:3000/rss_urls/2
Completed 302 Found in 536ms (ActiveRecord: 214.6ms)


Started GET "/rss_urls/2" for 127.0.0.1 at 2016-08-03 20:03:17 +0530
Processing by RssUrlsController#show as HTML
  Parameters: {"id"=>"2"}
  [1m[36mRssUrl Load (0.2ms)[0m  [1mSELECT  "rss_urls".* FROM "rss_urls" WHERE "rss_urls"."id" = ? LIMIT 1[0m  [["id", 2]]
  Rendered rss_urls/show.html.erb within layouts/application (0.9ms)
Completed 200 OK in 18ms (Views: 13.3ms | ActiveRecord: 0.2ms)


Started GET "/rss_urls" for 127.0.0.1 at 2016-08-03 20:03:19 +0530
Processing by RssUrlsController#index as HTML
  [1m[35mRssUrl Load (0.2ms)[0m  SELECT "rss_urls".* FROM "rss_urls"
  Rendered rss_urls/index.html.erb within layouts/application (2.5ms)
Completed 200 OK in 24ms (Views: 23.1ms | ActiveRecord: 0.2ms)


Started GET "/feeds" for 127.0.0.1 at 2016-08-03 20:16:40 +0530
  [1m[36mActiveRecord::SchemaMigration Load (0.1ms)[0m  [1mSELECT "schema_migrations".* FROM "schema_migrations"[0m

ActiveRecord::PendingMigrationError (

Migrations are pending. To resolve this issue, run:

	bin/rake db:migrate RAILS_ENV=development

):
  activerecord (4.2.5) lib/active_record/migration.rb:392:in `check_pending!'
  activerecord (4.2.5) lib/active_record/migration.rb:373:in `call'
  actionpack (4.2.5) lib/action_dispatch/middleware/callbacks.rb:29:in `block in call'
  activesupport (4.2.5) lib/active_support/callbacks.rb:88:in `__run_callbacks__'
  activesupport (4.2.5) lib/active_support/callbacks.rb:778:in `_run_call_callbacks'
  activesupport (4.2.5) lib/active_support/callbacks.rb:81:in `run_callbacks'
  actionpack (4.2.5) lib/action_dispatch/middleware/callbacks.rb:27:in `call'
  actionpack (4.2.5) lib/action_dispatch/middleware/reloader.rb:73:in `call'
  actionpack (4.2.5) lib/action_dispatch/middleware/remote_ip.rb:78:in `call'
  actionpack (4.2.5) lib/action_dispatch/middleware/debug_exceptions.rb:17:in `call'
  web-console (2.3.0) lib/web_console/middleware.rb:28:in `block in call'
  web-console (2.3.0) lib/web_console/middleware.rb:18:in `catch'
  web-console (2.3.0) lib/web_console/middleware.rb:18:in `call'
  actionpack (4.2.5) lib/action_dispatch/middleware/show_exceptions.rb:30:in `call'
  railties (4.2.5) lib/rails/rack/logger.rb:38:in `call_app'
  railties (4.2.5) lib/rails/rack/logger.rb:20:in `block in call'
  activesupport (4.2.5) lib/active_support/tagged_logging.rb:68:in `block in tagged'
  activesupport (4.2.5) lib/active_support/tagged_logging.rb:26:in `tagged'
  activesupport (4.2.5) lib/active_support/tagged_logging.rb:68:in `tagged'
  railties (4.2.5) lib/rails/rack/logger.rb:20:in `call'
  actionpack (4.2.5) lib/action_dispatch/middleware/request_id.rb:21:in `call'
  rack (1.6.4) lib/rack/methodoverride.rb:22:in `call'
  rack (1.6.4) lib/rack/runtime.rb:18:in `call'
  activesupport (4.2.5) lib/active_support/cache/strategy/local_cache_middleware.rb:28:in `call'
  rack (1.6.4) lib/rack/lock.rb:17:in `call'
  actionpack (4.2.5) lib/action_dispatch/middleware/static.rb:116:in `call'
  rack (1.6.4) lib/rack/sendfile.rb:113:in `call'
  railties (4.2.5) lib/rails/engine.rb:518:in `call'
  railties (4.2.5) lib/rails/application.rb:165:in `call'
  rack (1.6.4) lib/rack/lock.rb:17:in `call'
  rack (1.6.4) lib/rack/content_length.rb:15:in `call'
  rack (1.6.4) lib/rack/handler/webrick.rb:88:in `service'
  /home/sunil/.rvm/rubies/ruby-2.1.4/lib/ruby/2.1.0/webrick/httpserver.rb:138:in `service'
  /home/sunil/.rvm/rubies/ruby-2.1.4/lib/ruby/2.1.0/webrick/httpserver.rb:94:in `run'
  /home/sunil/.rvm/rubies/ruby-2.1.4/lib/ruby/2.1.0/webrick/server.rb:295:in `block in start_thread'


  Rendered /home/sunil/.rvm/gems/ruby-2.1.4@global/gems/actionpack-4.2.5/lib/action_dispatch/middleware/templates/rescues/_source.erb (1.9ms)
  Rendered /home/sunil/.rvm/gems/ruby-2.1.4@global/gems/actionpack-4.2.5/lib/action_dispatch/middleware/templates/rescues/_trace.html.erb (1.9ms)
  Rendered /home/sunil/.rvm/gems/ruby-2.1.4@global/gems/actionpack-4.2.5/lib/action_dispatch/middleware/templates/rescues/_request_and_response.html.erb (0.8ms)
  Rendered /home/sunil/.rvm/gems/ruby-2.1.4@global/gems/actionpack-4.2.5/lib/action_dispatch/middleware/templates/rescues/diagnostics.html.erb within rescues/layout (16.1ms)
  Rendered /home/sunil/.rvm/gems/ruby-2.1.4/gems/web-console-2.3.0/lib/web_console/templates/_markup.html.erb (0.4ms)
  Rendered /home/sunil/.rvm/gems/ruby-2.1.4/gems/web-console-2.3.0/lib/web_console/templates/_inner_console_markup.html.erb within layouts/inlined_string (0.2ms)
  Rendered /home/sunil/.rvm/gems/ruby-2.1.4/gems/web-console-2.3.0/lib/web_console/templates/_prompt_box_markup.html.erb within layouts/inlined_string (0.3ms)
  Rendered /home/sunil/.rvm/gems/ruby-2.1.4/gems/web-console-2.3.0/lib/web_console/templates/style.css.erb within layouts/inlined_string (0.6ms)
  Rendered /home/sunil/.rvm/gems/ruby-2.1.4/gems/web-console-2.3.0/lib/web_console/templates/console.js.erb within layouts/javascript (13.2ms)
  Rendered /home/sunil/.rvm/gems/ruby-2.1.4/gems/web-console-2.3.0/lib/web_console/templates/main.js.erb within layouts/javascript (0.3ms)
  Rendered /home/sunil/.rvm/gems/ruby-2.1.4/gems/web-console-2.3.0/lib/web_console/templates/error_page.js.erb within layouts/javascript (0.4ms)
  Rendered /home/sunil/.rvm/gems/ruby-2.1.4/gems/web-console-2.3.0/lib/web_console/templates/index.html.erb (26.3ms)
  [1m[36mActiveRecord::SchemaMigration Load (0.1ms)[0m  [1mSELECT "schema_migrations".* FROM "schema_migrations"[0m
Migrating to CreateFeeds (20160803144620)
  [1m[35m (0.1ms)[0m  begin transaction
  [1m[36m (0.3ms)[0m  [1mCREATE TABLE "feeds" ("id" INTEGER PRIMARY KEY AUTOINCREMENT NOT NULL, "title" varchar, "url" varchar, "content" varchar, "publish_date" datetime, "created_at" datetime NOT NULL, "updated_at" datetime NOT NULL) [0m
  [1m[35mSQL (0.1ms)[0m  INSERT INTO "schema_migrations" ("version") VALUES (?)  [["version", "20160803144620"]]
  [1m[36m (133.0ms)[0m  [1mcommit transaction[0m
  [1m[35mActiveRecord::SchemaMigration Load (0.1ms)[0m  SELECT "schema_migrations".* FROM "schema_migrations"


Started GET "/feeds" for 127.0.0.1 at 2016-08-03 20:16:54 +0530
  [1m[35mActiveRecord::SchemaMigration Load (0.1ms)[0m  SELECT "schema_migrations".* FROM "schema_migrations"
Processing by FeedsController#index as HTML
  [1m[36mFeed Load (0.2ms)[0m  [1mSELECT "feeds".* FROM "feeds"[0m
  Rendered feeds/index.html.erb within layouts/application (2.5ms)
Completed 200 OK in 120ms (Views: 118.1ms | ActiveRecord: 0.3ms)


Started GET "/assets/rss_urls.self-e3b0c44298fc1c149afbf4c8996fb92427ae41e4649b934ca495991b7852b855.css?body=1" for 127.0.0.1 at 2016-08-03 20:16:54 +0530


Started GET "/assets/scaffolds.self-e38d561d15a0d9d31600ec7dd5d62b7dc8017344df3a1acc92cef5d76267725d.css?body=1" for 127.0.0.1 at 2016-08-03 20:16:54 +0530


Started GET "/assets/application.self-e80e8f2318043e8af94dddc2adad5a4f09739a8ebb323b3ab31cd71d45fd9113.css?body=1" for 127.0.0.1 at 2016-08-03 20:16:54 +0530


Started GET "/assets/rss_urls.self-877aef30ae1b040ab8a3aba4e3e309a11d7f2612f44dde450b5c157aa5f95c05.js?body=1" for 127.0.0.1 at 2016-08-03 20:16:54 +0530


Started GET "/assets/feeds.self-e3b0c44298fc1c149afbf4c8996fb92427ae41e4649b934ca495991b7852b855.css?body=1" for 127.0.0.1 at 2016-08-03 20:16:54 +0530


Started GET "/assets/application.self-3b8dabdc891efe46b9a144b400ad69e37d7e5876bdc39dee783419a69d7ca819.js?body=1" for 127.0.0.1 at 2016-08-03 20:16:54 +0530


Started GET "/assets/feeds.self-877aef30ae1b040ab8a3aba4e3e309a11d7f2612f44dde450b5c157aa5f95c05.js?body=1" for 127.0.0.1 at 2016-08-03 20:16:54 +0530


Started GET "/assets/jquery_ujs.self-e87806d0cf4489aeb1bb7288016024e8de67fd18db693fe026fe3907581e53cd.js?body=1" for 127.0.0.1 at 2016-08-03 20:16:54 +0530


Started GET "/assets/jquery.self-660adc51e0224b731d29f575a6f1ec167ba08ad06ed5deca4f1e8654c135bf4c.js?body=1" for 127.0.0.1 at 2016-08-03 20:16:54 +0530


Started GET "/assets/turbolinks.self-c5acd7a204f5f25ce7a1d8a0e4d92e28d34c9e2df2c7371cd7af88e147e4ad82.js?body=1" for 127.0.0.1 at 2016-08-03 20:16:54 +0530


Started GET "/feeds/new" for 127.0.0.1 at 2016-08-03 20:16:56 +0530
Processing by FeedsController#new as HTML
  Rendered feeds/_form.html.erb (20.8ms)
  Rendered feeds/new.html.erb within layouts/application (21.9ms)
Completed 200 OK in 40ms (Views: 34.3ms | ActiveRecord: 0.3ms)


Started GET "/feeds/new" for 127.0.0.1 at 2016-08-03 20:19:03 +0530
  [1m[35mActiveRecord::SchemaMigration Load (0.2ms)[0m  SELECT "schema_migrations".* FROM "schema_migrations"
Processing by FeedsController#new as HTML
  Rendered feeds/_form.html.erb (26.0ms)
  Rendered feeds/new.html.erb within layouts/application (26.8ms)
Completed 200 OK in 42ms (Views: 41.3ms | ActiveRecord: 0.0ms)


Started GET "/assets/rss_urls.self-e3b0c44298fc1c149afbf4c8996fb92427ae41e4649b934ca495991b7852b855.css?body=1" for 127.0.0.1 at 2016-08-03 20:19:03 +0530


Started GET "/assets/scaffolds.self-e38d561d15a0d9d31600ec7dd5d62b7dc8017344df3a1acc92cef5d76267725d.css?body=1" for 127.0.0.1 at 2016-08-03 20:19:03 +0530


Started GET "/assets/application.self-3b8dabdc891efe46b9a144b400ad69e37d7e5876bdc39dee783419a69d7ca819.js?body=1" for 127.0.0.1 at 2016-08-03 20:19:03 +0530


Started GET "/assets/application.self-e80e8f2318043e8af94dddc2adad5a4f09739a8ebb323b3ab31cd71d45fd9113.css?body=1" for 127.0.0.1 at 2016-08-03 20:19:03 +0530


Started GET "/assets/feeds.self-e3b0c44298fc1c149afbf4c8996fb92427ae41e4649b934ca495991b7852b855.css?body=1" for 127.0.0.1 at 2016-08-03 20:19:04 +0530


Started GET "/assets/rss_urls.self-877aef30ae1b040ab8a3aba4e3e309a11d7f2612f44dde450b5c157aa5f95c05.js?body=1" for 127.0.0.1 at 2016-08-03 20:19:04 +0530


Started GET "/assets/jquery.self-660adc51e0224b731d29f575a6f1ec167ba08ad06ed5deca4f1e8654c135bf4c.js?body=1" for 127.0.0.1 at 2016-08-03 20:19:04 +0530


Started GET "/assets/jquery_ujs.self-e87806d0cf4489aeb1bb7288016024e8de67fd18db693fe026fe3907581e53cd.js?body=1" for 127.0.0.1 at 2016-08-03 20:19:04 +0530


Started GET "/assets/turbolinks.self-c5acd7a204f5f25ce7a1d8a0e4d92e28d34c9e2df2c7371cd7af88e147e4ad82.js?body=1" for 127.0.0.1 at 2016-08-03 20:19:04 +0530


Started GET "/assets/feeds.self-877aef30ae1b040ab8a3aba4e3e309a11d7f2612f44dde450b5c157aa5f95c05.js?body=1" for 127.0.0.1 at 2016-08-03 20:19:04 +0530
